<?xml version="1.0" encoding="UTF-8"?>
<!-- Generated by org.testng.reporters.JUnitReportReporter -->
<testsuite hostname="Mez_Laptop" failures="0" tests="2" name="com.tutorialsninja.qa.Testcases.SearchProductTets" time="17.542" errors="0" timestamp="2024-06-06T12:53:20 EDT" skipped="0">
  <testcase classname="com.tutorialsninja.qa.Testcases.SearchProductTets" name="verifySerchWithValidProduct" time="9.689"/>
  <testcase classname="com.tutorialsninja.qa.Testcases.SearchProductTets" name="verifySerchWithInvalidProduct" time="7.853"/>
</testsuite> <!-- com.tutorialsninja.qa.Testcases.SearchProductTets -->
