<?xml version="1.0" encoding="UTF-8"?>
<!-- Generated by org.testng.reporters.JUnitReportReporter -->
<testsuite hostname="Mez_Laptop" failures="0" tests="2" name="com.tutorialsninja.qa.Testcases.SearchProductTets" time="10.702" errors="0" timestamp="2024-06-06T20:00:37 EDT" skipped="0">
  <testcase classname="com.tutorialsninja.qa.Testcases.SearchProductTets" name="verifySerchWithValidProduct" time="4.794"/>
  <testcase classname="com.tutorialsninja.qa.Testcases.SearchProductTets" name="verifySerchWithInvalidProduct" time="5.908"/>
</testsuite> <!-- com.tutorialsninja.qa.Testcases.SearchProductTets -->
