<?xml version="1.0" encoding="UTF-8"?>
<!-- Generated by org.testng.reporters.JUnitReportReporter -->
<testsuite hostname="Mez_Laptop" failures="0" tests="5" name="com.tutorialsninja.qa.Testcases.LoginTest" time="32.790" errors="0" timestamp="2024-06-06T21:01:38 EDT" skipped="0">
  <testcase classname="com.tutorialsninja.qa.Testcases.LoginTest" name="verifyLoginWithValidCredentials" time="6.787"/>
  <testcase classname="com.tutorialsninja.qa.Testcases.LoginTest" name="verifyLoginWithInvalidCredentials" time="6.788"/>
  <testcase classname="com.tutorialsninja.qa.Testcases.LoginTest" name="verifyLoginWithValidEmailInvalidPassword" time="6.485"/>
  <testcase classname="com.tutorialsninja.qa.Testcases.LoginTest" name="verifyLoginWithNoCredentials" time="6.186"/>
  <testcase classname="com.tutorialsninja.qa.Testcases.LoginTest" name="verifyLoginWithEmptyPassword" time="6.544"/>
</testsuite> <!-- com.tutorialsninja.qa.Testcases.LoginTest -->
