<?xml version="1.0" encoding="UTF-8"?>
<!-- Generated by org.testng.reporters.JUnitReportReporter -->
<testsuite hostname="Mez_Laptop" failures="0" tests="1" name="com.tutorialsninja.qa.Testcases.LoginTest" time="16.583" errors="0" timestamp="2024-06-05T11:15:41 EDT" skipped="0">
  <testcase classname="com.tutorialsninja.qa.Testcases.LoginTest" name="verifyLoginWithValidEmailInvalidPassword" time="16.583"/>
</testsuite> <!-- com.tutorialsninja.qa.Testcases.LoginTest -->
