<?xml version="1.0" encoding="UTF-8"?>
<!-- Generated by org.testng.reporters.JUnitReportReporter -->
<testsuite hostname="Mez_Laptop" failures="0" tests="1" name="com.tutorialsninja.qa.Testcases.RegisterTest" time="14.551" errors="0" timestamp="2024-06-06T10:57:18 EDT" skipped="0">
  <testcase classname="com.tutorialsninja.qa.Testcases.RegisterTest" name="registerWithoutDetails" time="14.551"/>
</testsuite> <!-- com.tutorialsninja.qa.Testcases.RegisterTest -->
